<?xml version="1.0" encoding="UTF-8"?>
<!-- Generated by org.testng.reporters.JUnitReportReporter -->
<testsuite hostname="DeekshithgreaT" failures="0" tests="22" name="runners.TestRunner" time="288.948" errors="0" timestamp="2025-08-30T22:11:33 IST" skipped="0">
  <testcase classname="runners.TestRunner" name="runScenario" time="12.984"/>
  <testcase classname="runners.TestRunner" name="runScenario" time="4.493"/>
  <testcase classname="runners.TestRunner" name="runScenario" time="7.543"/>
  <testcase classname="runners.TestRunner" name="runScenario" time="25.628"/>
  <testcase classname="runners.TestRunner" name="runScenario" time="13.443"/>
  <testcase classname="runners.TestRunner" name="runScenario" time="27.773"/>
  <testcase classname="runners.TestRunner" name="runScenario" time="10.454"/>
  <testcase classname="runners.TestRunner" name="runScenario" time="14.731"/>
  <testcase classname="runners.TestRunner" name="runScenario" time="5.764"/>
  <testcase classname="runners.TestRunner" name="runScenario" time="9.228"/>
  <testcase classname="runners.TestRunner" name="runScenario" time="7.332"/>
  <testcase classname="runners.TestRunner" name="runScenario" time="12.331"/>
  <testcase classname="runners.TestRunner" name="runScenario" time="27.930"/>
  <testcase classname="runners.TestRunner" name="runScenario" time="18.525"/>
  <testcase classname="runners.TestRunner" name="runScenario" time="7.742"/>
  <testcase classname="runners.TestRunner" name="runScenario" time="8.860"/>
  <testcase classname="runners.TestRunner" name="runScenario" time="11.515"/>
  <testcase classname="runners.TestRunner" name="runScenario" time="7.605"/>
  <testcase classname="runners.TestRunner" name="runScenario" time="9.034"/>
  <testcase classname="runners.TestRunner" name="runScenario" time="30.047"/>
  <testcase classname="runners.TestRunner" name="runScenario" time="6.645"/>
  <testcase classname="runners.TestRunner" name="runScenario" time="9.341"/>
</testsuite> <!-- runners.TestRunner -->
