<?xml version="1.0" encoding="UTF-8"?>
<!-- Generated by org.testng.reporters.JUnitReportReporter -->
<testsuite hostname="DeekshithgreaT" failures="0" tests="11" name="runners.TestRunner" time="127.705" errors="0" timestamp="2025-08-30T21:47:19 IST" skipped="0">
  <testcase classname="runners.TestRunner" name="runScenario" time="8.617"/>
  <testcase classname="runners.TestRunner" name="runScenario" time="26.087"/>
  <testcase classname="runners.TestRunner" name="runScenario" time="6.559"/>
  <testcase classname="runners.TestRunner" name="runScenario" time="6.130"/>
  <testcase classname="runners.TestRunner" name="runScenario" time="11.196"/>
  <testcase classname="runners.TestRunner" name="runScenario" time="8.524"/>
  <testcase classname="runners.TestRunner" name="runScenario" time="9.181"/>
  <testcase classname="runners.TestRunner" name="runScenario" time="7.492"/>
  <testcase classname="runners.TestRunner" name="runScenario" time="4.699"/>
  <testcase classname="runners.TestRunner" name="runScenario" time="25.306"/>
  <testcase classname="runners.TestRunner" name="runScenario" time="13.914"/>
</testsuite> <!-- runners.TestRunner -->
